0 info it worked if it ends with ok
1 verbose cli [ 'C:\\Program Files\\nodejs\\node.exe',
1 verbose cli   'C:\\Program Files\\nodejs\\node_modules\\npm\\bin\\npm-cli.js',
1 verbose cli   'i',
1 verbose cli   '--save',
1 verbose cli   'onoff' ]
2 info using npm@2.14.20
3 info using node@v4.4.1
4 verbose install initial load of D:\servidor-web-pi\package.json
5 verbose readDependencies loading dependencies from D:\servidor-web-pi\package.json
6 silly cache add args [ 'onoff', null ]
7 verbose cache add spec onoff
8 silly cache add parsed spec Result {
8 silly cache add   raw: 'onoff',
8 silly cache add   scope: null,
8 silly cache add   name: 'onoff',
8 silly cache add   rawSpec: '',
8 silly cache add   spec: 'latest',
8 silly cache add   type: 'tag' }
9 silly addNamed onoff@latest
10 verbose addNamed "latest" is being treated as a dist-tag for onoff
11 info addNameTag [ 'onoff', 'latest' ]
12 silly mapToRegistry name onoff
13 silly mapToRegistry using default registry
14 silly mapToRegistry registry https://registry.npmjs.org/
15 silly mapToRegistry uri https://registry.npmjs.org/onoff
16 verbose addNameTag registry:https://registry.npmjs.org/onoff not in flight; fetching
17 verbose request uri https://registry.npmjs.org/onoff
18 verbose request no auth needed
19 info attempt registry request try #1 at 14:52:34
20 verbose request id 81aaaabb61a21a9f
21 http request GET https://registry.npmjs.org/onoff
22 http 200 https://registry.npmjs.org/onoff
23 verbose headers { server: 'CouchDB/1.6.1 (Erlang OTP/R16B03)',
23 verbose headers   etag: '"26EHAZKXOHG44K677K9E7D1Z4"',
23 verbose headers   'content-type': 'application/json',
23 verbose headers   'content-encoding': 'gzip',
23 verbose headers   'cache-control': 'max-age=300',
23 verbose headers   'content-length': '9411',
23 verbose headers   'accept-ranges': 'bytes',
23 verbose headers   date: 'Mon, 11 Jul 2016 17:52:35 GMT',
23 verbose headers   via: '1.1 varnish',
23 verbose headers   age: '0',
23 verbose headers   connection: 'keep-alive',
23 verbose headers   'x-served-by': 'cache-iad2142-IAD',
23 verbose headers   'x-cache': 'MISS',
23 verbose headers   'x-cache-hits': '0',
23 verbose headers   'x-timer': 'S1468259555.348160,VS0,VE121',
23 verbose headers   vary: 'Accept-Encoding' }
24 silly get cb [ 200,
24 silly get   { server: 'CouchDB/1.6.1 (Erlang OTP/R16B03)',
24 silly get     etag: '"26EHAZKXOHG44K677K9E7D1Z4"',
24 silly get     'content-type': 'application/json',
24 silly get     'content-encoding': 'gzip',
24 silly get     'cache-control': 'max-age=300',
24 silly get     'content-length': '9411',
24 silly get     'accept-ranges': 'bytes',
24 silly get     date: 'Mon, 11 Jul 2016 17:52:35 GMT',
24 silly get     via: '1.1 varnish',
24 silly get     age: '0',
24 silly get     connection: 'keep-alive',
24 silly get     'x-served-by': 'cache-iad2142-IAD',
24 silly get     'x-cache': 'MISS',
24 silly get     'x-cache-hits': '0',
24 silly get     'x-timer': 'S1468259555.348160,VS0,VE121',
24 silly get     vary: 'Accept-Encoding' } ]
25 verbose get saving onoff to C:\Users\geison.camara\AppData\Roaming\npm-cache\registry.npmjs.org\onoff\.cache.json
26 verbose correctMkdir C:\Users\geison.camara\AppData\Roaming\npm-cache correctMkdir not in flight; initializing
27 silly addNameTag next cb for onoff with tag latest
28 silly addNamed onoff@1.1.1
29 verbose addNamed "1.1.1" is a plain semver version for onoff
30 silly mapToRegistry name onoff
31 silly mapToRegistry using default registry
32 silly mapToRegistry registry https://registry.npmjs.org/
33 silly mapToRegistry uri https://registry.npmjs.org/onoff
34 verbose addRemoteTarball https://registry.npmjs.org/onoff/-/onoff-1.1.1.tgz not in flight; adding
35 verbose addRemoteTarball [ 'https://registry.npmjs.org/onoff/-/onoff-1.1.1.tgz',
35 verbose addRemoteTarball   '3ed88a8d4c9cc3a58c3e4766d7e9d1bcffb0df3b' ]
36 info retry fetch attempt 1 at 14:52:35
37 info attempt registry request try #1 at 14:52:35
38 http fetch GET https://registry.npmjs.org/onoff/-/onoff-1.1.1.tgz
39 http fetch 200 https://registry.npmjs.org/onoff/-/onoff-1.1.1.tgz
40 silly fetchAndShaCheck shasum 3ed88a8d4c9cc3a58c3e4766d7e9d1bcffb0df3b
41 verbose addTmpTarball C:\Users\GEISON~1.CAM\AppData\Local\Temp\npm-6716-ba61a6fe\registry.npmjs.org\onoff\-\onoff-1.1.1.tgz not in flight; adding
42 verbose addTmpTarball already have metadata; skipping unpack for onoff@1.1.1
43 verbose correctMkdir C:\Users\geison.camara\AppData\Roaming\npm-cache correctMkdir not in flight; initializing
44 silly cache afterAdd onoff@1.1.1
45 verbose afterAdd C:\Users\geison.camara\AppData\Roaming\npm-cache\onoff\1.1.1\package\package.json not in flight; writing
46 verbose correctMkdir C:\Users\geison.camara\AppData\Roaming\npm-cache correctMkdir not in flight; initializing
47 verbose afterAdd C:\Users\geison.camara\AppData\Roaming\npm-cache\onoff\1.1.1\package\package.json written
48 silly install resolved [ { name: 'onoff',
48 silly install resolved     version: '1.1.1',
48 silly install resolved     description: 'GPIO access and interrupt detection with JavaScript',
48 silly install resolved     main: 'onoff.js',
48 silly install resolved     directories: { example: 'examples', test: 'test' },
48 silly install resolved     scripts: { test: 'echo "Tests can only be run manually from the command line. They access hardware GPIOs." && exit 1' },
48 silly install resolved     repository: { type: 'git', url: 'git+https://github.com/fivdi/onoff.git' },
48 silly install resolved     engines: { node: '>=0.8.0' },
48 silly install resolved     dependencies: { epoll: '~0.1.19' },
48 silly install resolved     keywords:
48 silly install resolved      [ 'gpio',
48 silly install resolved        'embedded',
48 silly install resolved        'interrupt',
48 silly install resolved        'beaglebone',
48 silly install resolved        'bbb',
48 silly install resolved        'bb',
48 silly install resolved        'raspberry',
48 silly install resolved        'raspi',
48 silly install resolved        'rpi',
48 silly install resolved        'pi',
48 silly install resolved        'linux' ],
48 silly install resolved     author: { name: 'fivdi' },
48 silly install resolved     license: 'MIT',
48 silly install resolved     gitHead: 'd653309e3ccbc9e6e7a190ded8418aa6e3a7f620',
48 silly install resolved     bugs: { url: 'https://github.com/fivdi/onoff/issues' },
48 silly install resolved     homepage: 'https://github.com/fivdi/onoff#readme',
48 silly install resolved     _id: 'onoff@1.1.1',
48 silly install resolved     _shasum: '3ed88a8d4c9cc3a58c3e4766d7e9d1bcffb0df3b',
48 silly install resolved     _from: 'onoff@latest',
48 silly install resolved     _npmVersion: '2.15.0',
48 silly install resolved     _nodeVersion: '0.10.44',
48 silly install resolved     _npmUser: { name: 'fivdi', email: 'fivdiweb@gmail.com' },
48 silly install resolved     maintainers: [ [Object] ],
48 silly install resolved     dist:
48 silly install resolved      { shasum: '3ed88a8d4c9cc3a58c3e4766d7e9d1bcffb0df3b',
48 silly install resolved        tarball: 'https://registry.npmjs.org/onoff/-/onoff-1.1.1.tgz' },
48 silly install resolved     _npmOperationalInternal:
48 silly install resolved      { host: 'packages-16-east.internal.npmjs.com',
48 silly install resolved        tmp: 'tmp/onoff-1.1.1.tgz_1465140688539_0.6314098725561053' },
48 silly install resolved     _resolved: 'https://registry.npmjs.org/onoff/-/onoff-1.1.1.tgz' } ]
49 info install onoff@1.1.1 into D:\servidor-web-pi
50 info installOne onoff@1.1.1
51 verbose installOne of onoff to D:\servidor-web-pi not in flight; installing
52 verbose correctMkdir C:\Users\geison.camara\AppData\Roaming\npm-cache\_locks correctMkdir not in flight; initializing
53 verbose lock using C:\Users\geison.camara\AppData\Roaming\npm-cache\_locks\onoff-5ff605ce25601438.lock for D:\servidor-web-pi\node_modules\onoff
54 silly install write writing onoff 1.1.1 to D:\servidor-web-pi\node_modules\onoff
55 verbose unbuild node_modules\onoff
56 silly gentlyRm D:\servidor-web-pi\node_modules\onoff is being purged from base D:\servidor-web-pi
57 verbose gentlyRm don't care about contents; nuking D:\servidor-web-pi\node_modules\onoff
58 verbose tar unpack C:\Users\geison.camara\AppData\Roaming\npm-cache\onoff\1.1.1\package.tgz
59 verbose tar unpacking to D:\servidor-web-pi\node_modules\onoff
60 silly gentlyRm D:\servidor-web-pi\node_modules\onoff is being purged
61 verbose gentlyRm don't care about contents; nuking D:\servidor-web-pi\node_modules\onoff
62 silly gunzTarPerm modes [ '777', '666' ]
63 silly gunzTarPerm extractEntry package.json
64 silly gunzTarPerm modified mode [ 'package.json', 436, 438 ]
65 silly gunzTarPerm extractEntry .npmignore
66 silly gunzTarPerm modified mode [ '.npmignore', 436, 438 ]
67 silly gunzTarPerm extractEntry README.md
68 silly gunzTarPerm modified mode [ 'README.md', 436, 438 ]
69 silly gunzTarPerm extractEntry LICENSE
70 silly gunzTarPerm modified mode [ 'LICENSE', 436, 438 ]
71 silly gunzTarPerm extractEntry onoff.js
72 silly gunzTarPerm modified mode [ 'onoff.js', 436, 438 ]
73 silly gunzTarPerm extractEntry History.md
74 silly gunzTarPerm modified mode [ 'History.md', 436, 438 ]
75 silly gunzTarPerm extractEntry examples/blink-led-async.js
76 silly gunzTarPerm modified mode [ 'examples/blink-led-async.js', 436, 438 ]
77 silly gunzTarPerm extractEntry examples/blink-led.js
78 silly gunzTarPerm modified mode [ 'examples/blink-led.js', 436, 438 ]
79 silly gunzTarPerm extractEntry examples/light-switch.js
80 silly gunzTarPerm modified mode [ 'examples/light-switch.js', 436, 438 ]
81 silly gunzTarPerm extractEntry examples/wait-for-interrupt.js
82 silly gunzTarPerm modified mode [ 'examples/wait-for-interrupt.js', 436, 438 ]
83 silly gunzTarPerm extractEntry examples/light-switch.png
84 silly gunzTarPerm modified mode [ 'examples/light-switch.png', 436, 438 ]
85 silly gunzTarPerm extractEntry examples/mygpio-overlay.dts
86 silly gunzTarPerm modified mode [ 'examples/mygpio-overlay.dts', 436, 438 ]
87 silly gunzTarPerm extractEntry examples/run-examples
88 silly gunzTarPerm modified mode [ 'examples/run-examples', 509, 511 ]
89 silly gunzTarPerm extractEntry test/blink-led.js
90 silly gunzTarPerm modified mode [ 'test/blink-led.js', 436, 438 ]
91 silly gunzTarPerm extractEntry test/configure-and-check-input.js
92 silly gunzTarPerm modified mode [ 'test/configure-and-check-input.js', 436, 438 ]
93 silly gunzTarPerm extractEntry test/configure-and-check-output.js
94 silly gunzTarPerm modified mode [ 'test/configure-and-check-output.js', 436, 438 ]
95 silly gunzTarPerm extractEntry test/export-many-times.js
96 silly gunzTarPerm modified mode [ 'test/export-many-times.js', 436, 438 ]
97 silly gunzTarPerm extractEntry test/many-interrupts.js
98 silly gunzTarPerm modified mode [ 'test/many-interrupts.js', 436, 438 ]
99 silly gunzTarPerm extractEntry test/configure-and-check-active-low.js
100 silly gunzTarPerm modified mode [ 'test/configure-and-check-active-low.js', 436, 438 ]
101 silly gunzTarPerm extractEntry test/performance-interrupt.js
102 silly gunzTarPerm modified mode [ 'test/performance-interrupt.js', 436, 438 ]
103 silly gunzTarPerm extractEntry test/performance-sync.js
104 silly gunzTarPerm modified mode [ 'test/performance-sync.js', 436, 438 ]
105 silly gunzTarPerm extractEntry test/wait-for-interrupt.js
106 silly gunzTarPerm modified mode [ 'test/wait-for-interrupt.js', 436, 438 ]
107 silly gunzTarPerm extractEntry test/wait-for-many-interrupts.js
108 silly gunzTarPerm modified mode [ 'test/wait-for-many-interrupts.js', 436, 438 ]
109 silly gunzTarPerm extractEntry test/performance-async.js
110 silly gunzTarPerm modified mode [ 'test/performance-async.js', 436, 438 ]
111 silly gunzTarPerm extractEntry test/run-tests
112 silly gunzTarPerm modified mode [ 'test/run-tests', 509, 511 ]
113 verbose write writing to D:\servidor-web-pi\node_modules\onoff\package.json
114 info preinstall onoff@1.1.1
115 verbose readDependencies loading dependencies from D:\servidor-web-pi\node_modules\onoff\package.json
116 silly prepareForInstallMany adding epoll@~0.1.19 from onoff dependencies
117 verbose readDependencies loading dependencies from D:\servidor-web-pi\node_modules\onoff\package.json
118 silly cache add args [ 'epoll@~0.1.19', null ]
119 verbose cache add spec epoll@~0.1.19
120 silly cache add parsed spec Result {
120 silly cache add   raw: 'epoll@~0.1.19',
120 silly cache add   scope: null,
120 silly cache add   name: 'epoll',
120 silly cache add   rawSpec: '~0.1.19',
120 silly cache add   spec: '>=0.1.19 <0.2.0',
120 silly cache add   type: 'range' }
121 silly addNamed epoll@>=0.1.19 <0.2.0
122 verbose addNamed ">=0.1.19 <0.2.0" is a valid semver range for epoll
123 silly addNameRange { name: 'epoll', range: '>=0.1.19 <0.2.0', hasData: false }
124 silly mapToRegistry name epoll
125 silly mapToRegistry using default registry
126 silly mapToRegistry registry https://registry.npmjs.org/
127 silly mapToRegistry uri https://registry.npmjs.org/epoll
128 verbose addNameRange registry:https://registry.npmjs.org/epoll not in flight; fetching
129 verbose request uri https://registry.npmjs.org/epoll
130 verbose request no auth needed
131 info attempt registry request try #1 at 14:52:37
132 verbose etag "58JZ58DXZVB1XYFQF8JVNN36U"
133 http request GET https://registry.npmjs.org/epoll
134 http 304 https://registry.npmjs.org/epoll
135 verbose headers { date: 'Mon, 11 Jul 2016 17:52:38 GMT',
135 verbose headers   via: '1.1 varnish',
135 verbose headers   'cache-control': 'max-age=300',
135 verbose headers   etag: '"58JZ58DXZVB1XYFQF8JVNN36U"',
135 verbose headers   age: '0',
135 verbose headers   connection: 'keep-alive',
135 verbose headers   'x-served-by': 'cache-iad2643-IAD',
135 verbose headers   'x-cache': 'MISS',
135 verbose headers   'x-cache-hits': '0',
135 verbose headers   'x-timer': 'S1468259558.034556,VS0,VE87',
135 verbose headers   vary: 'Accept-Encoding' }
136 silly get cb [ 304,
136 silly get   { date: 'Mon, 11 Jul 2016 17:52:38 GMT',
136 silly get     via: '1.1 varnish',
136 silly get     'cache-control': 'max-age=300',
136 silly get     etag: '"58JZ58DXZVB1XYFQF8JVNN36U"',
136 silly get     age: '0',
136 silly get     connection: 'keep-alive',
136 silly get     'x-served-by': 'cache-iad2643-IAD',
136 silly get     'x-cache': 'MISS',
136 silly get     'x-cache-hits': '0',
136 silly get     'x-timer': 'S1468259558.034556,VS0,VE87',
136 silly get     vary: 'Accept-Encoding' } ]
137 verbose etag https://registry.npmjs.org/epoll from cache
138 verbose get saving epoll to C:\Users\geison.camara\AppData\Roaming\npm-cache\registry.npmjs.org\epoll\.cache.json
139 verbose correctMkdir C:\Users\geison.camara\AppData\Roaming\npm-cache correctMkdir not in flight; initializing
140 silly addNameRange number 2 { name: 'epoll', range: '>=0.1.19 <0.2.0', hasData: true }
141 silly addNameRange versions [ 'epoll',
141 silly addNameRange   [ '0.0.1',
141 silly addNameRange     '0.0.2',
141 silly addNameRange     '0.0.3',
141 silly addNameRange     '0.0.4',
141 silly addNameRange     '0.0.5',
141 silly addNameRange     '0.0.6',
141 silly addNameRange     '0.0.7',
141 silly addNameRange     '0.0.8',
141 silly addNameRange     '0.1.0',
141 silly addNameRange     '0.1.1',
141 silly addNameRange     '0.1.2',
141 silly addNameRange     '0.1.3',
141 silly addNameRange     '0.1.4',
141 silly addNameRange     '0.1.5',
141 silly addNameRange     '0.1.7',
141 silly addNameRange     '0.1.8',
141 silly addNameRange     '0.1.9',
141 silly addNameRange     '0.1.10',
141 silly addNameRange     '0.1.11',
141 silly addNameRange     '0.1.12',
141 silly addNameRange     '0.1.13',
141 silly addNameRange     '0.1.14',
141 silly addNameRange     '0.1.15',
141 silly addNameRange     '0.1.16',
141 silly addNameRange     '0.1.17',
141 silly addNameRange     '0.1.18',
141 silly addNameRange     '0.1.19' ] ]
142 silly addNamed epoll@0.1.19
143 verbose addNamed "0.1.19" is a plain semver version for epoll
144 silly cache afterAdd epoll@0.1.19
145 verbose afterAdd C:\Users\geison.camara\AppData\Roaming\npm-cache\epoll\0.1.19\package\package.json not in flight; writing
146 verbose correctMkdir C:\Users\geison.camara\AppData\Roaming\npm-cache correctMkdir not in flight; initializing
147 verbose afterAdd C:\Users\geison.camara\AppData\Roaming\npm-cache\epoll\0.1.19\package\package.json written
148 silly install resolved [ { name: 'epoll',
148 silly install resolved     version: '0.1.19',
148 silly install resolved     description: 'A low-level Node.js binding for the Linux epoll API',
148 silly install resolved     main: 'epoll.js',
148 silly install resolved     directories: { example: 'example', test: 'test' },
148 silly install resolved     scripts:
148 silly install resolved      { test: 'echo "Tests can only be run manually from the command line." && exit 1',
148 silly install resolved        install: 'node-gyp rebuild' },
148 silly install resolved     repository: { type: 'git', url: 'git+https://github.com/fivdi/epoll.git' },
148 silly install resolved     engines: { node: '>=0.8.0' },
148 silly install resolved     dependencies: { bindings: '~1.2.1', nan: '~2.3.2' },
148 silly install resolved     keywords:
148 silly install resolved      [ 'epoll',
148 silly install resolved        'epollpri',
148 silly install resolved        'poll',
148 silly install resolved        'pollpri',
148 silly install resolved        'gpio',
148 silly install resolved        'interrupt',
148 silly install resolved        'linux' ],
148 silly install resolved     author: { name: 'fivdi' },
148 silly install resolved     license: 'MIT',
148 silly install resolved     gypfile: true,
148 silly install resolved     gitHead: '5983b71ecfeb26b259516c2610a4c6cf6ece6610',
148 silly install resolved     bugs: { url: 'https://github.com/fivdi/epoll/issues' },
148 silly install resolved     homepage: 'https://github.com/fivdi/epoll#readme',
148 silly install resolved     _id: 'epoll@0.1.19',
148 silly install resolved     _shasum: 'e8cd4e99ae90700f3b08fe586142709543ca3f7b',
148 silly install resolved     _from: 'epoll@>=0.1.19 <0.2.0',
148 silly install resolved     _npmVersion: '3.8.6',
148 silly install resolved     _nodeVersion: '6.0.0',
148 silly install resolved     _npmUser: { name: 'fivdi', email: 'fivdiweb@gmail.com' },
148 silly install resolved     maintainers: [ [Object] ],
148 silly install resolved     dist:
148 silly install resolved      { shasum: 'e8cd4e99ae90700f3b08fe586142709543ca3f7b',
148 silly install resolved        tarball: 'https://registry.npmjs.org/epoll/-/epoll-0.1.19.tgz' },
148 silly install resolved     _npmOperationalInternal:
148 silly install resolved      { host: 'packages-16-east.internal.npmjs.com',
148 silly install resolved        tmp: 'tmp/epoll-0.1.19.tgz_1462311322352_0.06016064388677478' },
148 silly install resolved     _resolved: 'https://registry.npmjs.org/epoll/-/epoll-0.1.19.tgz',
148 silly install resolved     readme: 'ERROR: No README data found!' } ]
149 info install epoll@0.1.19 into D:\servidor-web-pi\node_modules\onoff
150 info installOne epoll@0.1.19
151 verbose installOne of epoll to D:\servidor-web-pi\node_modules\onoff not in flight; installing
152 verbose correctMkdir C:\Users\geison.camara\AppData\Roaming\npm-cache\_locks correctMkdir not in flight; initializing
153 verbose lock using C:\Users\geison.camara\AppData\Roaming\npm-cache\_locks\epoll-a16f127bafd039a9.lock for D:\servidor-web-pi\node_modules\onoff\node_modules\epoll
154 silly install write writing epoll 0.1.19 to D:\servidor-web-pi\node_modules\onoff\node_modules\epoll
155 verbose unbuild node_modules\onoff\node_modules\epoll
156 silly gentlyRm D:\servidor-web-pi\node_modules\onoff\node_modules\epoll is being purged from base D:\servidor-web-pi
157 verbose gentlyRm don't care about contents; nuking D:\servidor-web-pi\node_modules\onoff\node_modules\epoll
158 verbose tar unpack C:\Users\geison.camara\AppData\Roaming\npm-cache\epoll\0.1.19\package.tgz
159 verbose tar unpacking to D:\servidor-web-pi\node_modules\onoff\node_modules\epoll
160 silly gentlyRm D:\servidor-web-pi\node_modules\onoff\node_modules\epoll is being purged
161 verbose gentlyRm don't care about contents; nuking D:\servidor-web-pi\node_modules\onoff\node_modules\epoll
162 silly gunzTarPerm modes [ '777', '666' ]
163 silly gunzTarPerm extractEntry package.json
164 silly gunzTarPerm modified mode [ 'package.json', 436, 438 ]
165 silly gunzTarPerm extractEntry .npmignore
166 silly gunzTarPerm modified mode [ '.npmignore', 436, 438 ]
167 silly gunzTarPerm extractEntry README.md
168 silly gunzTarPerm modified mode [ 'README.md', 436, 438 ]
169 silly gunzTarPerm extractEntry LICENSE
170 silly gunzTarPerm modified mode [ 'LICENSE', 436, 438 ]
171 silly gunzTarPerm extractEntry epoll.js
172 silly gunzTarPerm modified mode [ 'epoll.js', 436, 438 ]
173 silly gunzTarPerm extractEntry History.md
174 silly gunzTarPerm modified mode [ 'History.md', 436, 438 ]
175 silly gunzTarPerm extractEntry binding.gyp
176 silly gunzTarPerm modified mode [ 'binding.gyp', 436, 438 ]
177 silly gunzTarPerm extractEntry example/interrupts-per-second/interrupts-per-second.js
178 silly gunzTarPerm modified mode [ 'example/interrupts-per-second/interrupts-per-second.js',
178 silly gunzTarPerm   436,
178 silly gunzTarPerm   438 ]
179 silly gunzTarPerm extractEntry example/interrupts-per-second/export
180 silly gunzTarPerm modified mode [ 'example/interrupts-per-second/export', 509, 511 ]
181 silly gunzTarPerm extractEntry example/interrupts-per-second/unexport
182 silly gunzTarPerm modified mode [ 'example/interrupts-per-second/unexport', 509, 511 ]
183 silly gunzTarPerm extractEntry example/watch-button/watch-button.js
184 silly gunzTarPerm modified mode [ 'example/watch-button/watch-button.js', 436, 438 ]
185 silly gunzTarPerm extractEntry example/watch-button/export
186 silly gunzTarPerm modified mode [ 'example/watch-button/export', 509, 511 ]
187 silly gunzTarPerm extractEntry example/watch-button/unexport
188 silly gunzTarPerm modified mode [ 'example/watch-button/unexport', 509, 511 ]
189 silly gunzTarPerm extractEntry src/epoll.cc
190 silly gunzTarPerm modified mode [ 'src/epoll.cc', 436, 438 ]
191 silly gunzTarPerm extractEntry src/epoll.h
192 silly gunzTarPerm modified mode [ 'src/epoll.h', 436, 438 ]
193 silly gunzTarPerm extractEntry test/brute-force-leak-check.js
194 silly gunzTarPerm modified mode [ 'test/brute-force-leak-check.js', 436, 438 ]
195 silly gunzTarPerm extractEntry test/do-almost-nothing.js
196 silly gunzTarPerm modified mode [ 'test/do-almost-nothing.js', 436, 438 ]
197 silly gunzTarPerm extractEntry test/do-nothing.js
198 silly gunzTarPerm modified mode [ 'test/do-nothing.js', 436, 438 ]
199 silly gunzTarPerm extractEntry test/no-gc-allowed.js
200 silly gunzTarPerm modified mode [ 'test/no-gc-allowed.js', 436, 438 ]
201 silly gunzTarPerm extractEntry test/closed.js
202 silly gunzTarPerm modified mode [ 'test/closed.js', 436, 438 ]
203 silly gunzTarPerm extractEntry test/performance-check.js
204 silly gunzTarPerm modified mode [ 'test/performance-check.js', 436, 438 ]
205 silly gunzTarPerm extractEntry test/util.js
206 silly gunzTarPerm modified mode [ 'test/util.js', 436, 438 ]
207 silly gunzTarPerm extractEntry test/two-shot.js
208 silly gunzTarPerm modified mode [ 'test/two-shot.js', 436, 438 ]
209 silly gunzTarPerm extractEntry test/verify-events.js
210 silly gunzTarPerm modified mode [ 'test/verify-events.js', 436, 438 ]
211 silly gunzTarPerm extractEntry test/one-shot.js
212 silly gunzTarPerm modified mode [ 'test/one-shot.js', 436, 438 ]
213 silly gunzTarPerm extractEntry test/run-tests
214 silly gunzTarPerm modified mode [ 'test/run-tests', 509, 511 ]
215 verbose write writing to D:\servidor-web-pi\node_modules\onoff\node_modules\epoll\package.json
216 info preinstall epoll@0.1.19
217 verbose readDependencies loading dependencies from D:\servidor-web-pi\node_modules\onoff\node_modules\epoll\package.json
218 silly prepareForInstallMany adding bindings@~1.2.1 from epoll dependencies
219 silly prepareForInstallMany adding nan@~2.3.2 from epoll dependencies
220 verbose readDependencies loading dependencies from D:\servidor-web-pi\node_modules\onoff\node_modules\epoll\package.json
221 silly cache add args [ 'bindings@~1.2.1', null ]
222 verbose cache add spec bindings@~1.2.1
223 silly cache add args [ 'nan@~2.3.2', null ]
224 verbose cache add spec nan@~2.3.2
225 silly cache add parsed spec Result {
225 silly cache add   raw: 'bindings@~1.2.1',
225 silly cache add   scope: null,
225 silly cache add   name: 'bindings',
225 silly cache add   rawSpec: '~1.2.1',
225 silly cache add   spec: '>=1.2.1 <1.3.0',
225 silly cache add   type: 'range' }
226 silly addNamed bindings@>=1.2.1 <1.3.0
227 verbose addNamed ">=1.2.1 <1.3.0" is a valid semver range for bindings
228 silly addNameRange { name: 'bindings', range: '>=1.2.1 <1.3.0', hasData: false }
229 silly mapToRegistry name bindings
230 silly mapToRegistry using default registry
231 silly mapToRegistry registry https://registry.npmjs.org/
232 silly mapToRegistry uri https://registry.npmjs.org/bindings
233 verbose addNameRange registry:https://registry.npmjs.org/bindings not in flight; fetching
234 silly cache add parsed spec Result {
234 silly cache add   raw: 'nan@~2.3.2',
234 silly cache add   scope: null,
234 silly cache add   name: 'nan',
234 silly cache add   rawSpec: '~2.3.2',
234 silly cache add   spec: '>=2.3.2 <2.4.0',
234 silly cache add   type: 'range' }
235 silly addNamed nan@>=2.3.2 <2.4.0
236 verbose addNamed ">=2.3.2 <2.4.0" is a valid semver range for nan
237 silly addNameRange { name: 'nan', range: '>=2.3.2 <2.4.0', hasData: false }
238 silly mapToRegistry name nan
239 silly mapToRegistry using default registry
240 silly mapToRegistry registry https://registry.npmjs.org/
241 silly mapToRegistry uri https://registry.npmjs.org/nan
242 verbose addNameRange registry:https://registry.npmjs.org/nan not in flight; fetching
243 verbose request uri https://registry.npmjs.org/bindings
244 verbose request no auth needed
245 info attempt registry request try #1 at 14:52:38
246 verbose etag "33TX4J3DNTGF7K41ZUV6OA182"
247 http request GET https://registry.npmjs.org/bindings
248 verbose request uri https://registry.npmjs.org/nan
249 verbose request no auth needed
250 info attempt registry request try #1 at 14:52:38
251 verbose etag "10VMD9HKM2FTY9WU1VCKY04MN"
252 http request GET https://registry.npmjs.org/nan
253 http 304 https://registry.npmjs.org/bindings
254 verbose headers { date: 'Mon, 11 Jul 2016 17:52:38 GMT',
254 verbose headers   via: '1.1 varnish',
254 verbose headers   'cache-control': 'max-age=300',
254 verbose headers   etag: '"33TX4J3DNTGF7K41ZUV6OA182"',
254 verbose headers   age: '244',
254 verbose headers   connection: 'keep-alive',
254 verbose headers   'x-served-by': 'cache-iad2648-IAD',
254 verbose headers   'x-cache': 'HIT',
254 verbose headers   'x-cache-hits': '5',
254 verbose headers   'x-timer': 'S1468259558.983926,VS0,VE0',
254 verbose headers   vary: 'Accept-Encoding' }
255 silly get cb [ 304,
255 silly get   { date: 'Mon, 11 Jul 2016 17:52:38 GMT',
255 silly get     via: '1.1 varnish',
255 silly get     'cache-control': 'max-age=300',
255 silly get     etag: '"33TX4J3DNTGF7K41ZUV6OA182"',
255 silly get     age: '244',
255 silly get     connection: 'keep-alive',
255 silly get     'x-served-by': 'cache-iad2648-IAD',
255 silly get     'x-cache': 'HIT',
255 silly get     'x-cache-hits': '5',
255 silly get     'x-timer': 'S1468259558.983926,VS0,VE0',
255 silly get     vary: 'Accept-Encoding' } ]
256 verbose etag https://registry.npmjs.org/bindings from cache
257 verbose get saving bindings to C:\Users\geison.camara\AppData\Roaming\npm-cache\registry.npmjs.org\bindings\.cache.json
258 verbose correctMkdir C:\Users\geison.camara\AppData\Roaming\npm-cache correctMkdir not in flight; initializing
259 silly addNameRange number 2 { name: 'bindings', range: '>=1.2.1 <1.3.0', hasData: true }
260 silly addNameRange versions [ 'bindings',
260 silly addNameRange   [ '0.0.1',
260 silly addNameRange     '0.1.0',
260 silly addNameRange     '0.1.1',
260 silly addNameRange     '0.2.0',
260 silly addNameRange     '0.2.1',
260 silly addNameRange     '0.2.2',
260 silly addNameRange     '0.2.3',
260 silly addNameRange     '0.2.4',
260 silly addNameRange     '0.3.0',
260 silly addNameRange     '0.4.0',
260 silly addNameRange     '1.0.0',
260 silly addNameRange     '1.1.0',
260 silly addNameRange     '1.1.1',
260 silly addNameRange     '1.2.0',
260 silly addNameRange     '1.2.1' ] ]
261 silly addNamed bindings@1.2.1
262 verbose addNamed "1.2.1" is a plain semver version for bindings
263 silly cache afterAdd bindings@1.2.1
264 verbose afterAdd C:\Users\geison.camara\AppData\Roaming\npm-cache\bindings\1.2.1\package\package.json not in flight; writing
265 verbose correctMkdir C:\Users\geison.camara\AppData\Roaming\npm-cache correctMkdir not in flight; initializing
266 verbose afterAdd C:\Users\geison.camara\AppData\Roaming\npm-cache\bindings\1.2.1\package\package.json written
267 http 200 https://registry.npmjs.org/nan
268 verbose headers { server: 'CouchDB/1.5.0 (Erlang OTP/R16B03)',
268 verbose headers   etag: '"2POVJEDCD6LOO0Y53S1HJ4UMJ"',
268 verbose headers   'content-type': 'application/json',
268 verbose headers   'content-encoding': 'gzip',
268 verbose headers   'cache-control': 'max-age=300',
268 verbose headers   'content-length': '17111',
268 verbose headers   'accept-ranges': 'bytes',
268 verbose headers   date: 'Mon, 11 Jul 2016 17:52:38 GMT',
268 verbose headers   via: '1.1 varnish',
268 verbose headers   age: '215',
268 verbose headers   connection: 'keep-alive',
268 verbose headers   'x-served-by': 'cache-iad2639-IAD',
268 verbose headers   'x-cache': 'HIT',
268 verbose headers   'x-cache-hits': '2',
268 verbose headers   'x-timer': 'S1468259558.963399,VS0,VE0',
268 verbose headers   vary: 'Accept-Encoding' }
269 silly get cb [ 200,
269 silly get   { server: 'CouchDB/1.5.0 (Erlang OTP/R16B03)',
269 silly get     etag: '"2POVJEDCD6LOO0Y53S1HJ4UMJ"',
269 silly get     'content-type': 'application/json',
269 silly get     'content-encoding': 'gzip',
269 silly get     'cache-control': 'max-age=300',
269 silly get     'content-length': '17111',
269 silly get     'accept-ranges': 'bytes',
269 silly get     date: 'Mon, 11 Jul 2016 17:52:38 GMT',
269 silly get     via: '1.1 varnish',
269 silly get     age: '215',
269 silly get     connection: 'keep-alive',
269 silly get     'x-served-by': 'cache-iad2639-IAD',
269 silly get     'x-cache': 'HIT',
269 silly get     'x-cache-hits': '2',
269 silly get     'x-timer': 'S1468259558.963399,VS0,VE0',
269 silly get     vary: 'Accept-Encoding' } ]
270 verbose get saving nan to C:\Users\geison.camara\AppData\Roaming\npm-cache\registry.npmjs.org\nan\.cache.json
271 verbose correctMkdir C:\Users\geison.camara\AppData\Roaming\npm-cache correctMkdir not in flight; initializing
272 silly addNameRange number 2 { name: 'nan', range: '>=2.3.2 <2.4.0', hasData: true }
273 silly addNameRange versions [ 'nan',
273 silly addNameRange   [ '0.3.0-wip',
273 silly addNameRange     '0.3.0-wip2',
273 silly addNameRange     '0.3.0',
273 silly addNameRange     '0.3.1',
273 silly addNameRange     '0.3.2',
273 silly addNameRange     '0.4.0',
273 silly addNameRange     '0.4.1',
273 silly addNameRange     '0.4.2',
273 silly addNameRange     '0.4.3',
273 silly addNameRange     '0.4.4',
273 silly addNameRange     '0.5.0',
273 silly addNameRange     '0.5.1',
273 silly addNameRange     '0.5.2',
273 silly addNameRange     '0.6.0',
273 silly addNameRange     '0.7.0',
273 silly addNameRange     '0.7.1',
273 silly addNameRange     '0.8.0',
273 silly addNameRange     '1.0.0',
273 silly addNameRange     '1.1.0',
273 silly addNameRange     '1.1.1',
273 silly addNameRange     '1.1.2',
273 silly addNameRange     '1.2.0',
273 silly addNameRange     '1.3.0',
273 silly addNameRange     '1.4.0',
273 silly addNameRange     '1.4.1',
273 silly addNameRange     '1.5.0',
273 silly addNameRange     '1.4.2',
273 silly addNameRange     '1.4.3',
273 silly addNameRange     '1.5.1',
273 silly addNameRange     '1.5.2',
273 silly addNameRange     '1.6.0',
273 silly addNameRange     '1.5.3',
273 silly addNameRange     '1.6.1',
273 silly addNameRange     '1.6.2',
273 silly addNameRange     '1.7.0',
273 silly addNameRange     '1.8.0',
273 silly addNameRange     '1.8.1',
273 silly addNameRange     '1.8.2',
273 silly addNameRange     '1.8.3',
273 silly addNameRange     '1.8.4',
273 silly addNameRange     '1.9.0',
273 silly addNameRange     '2.0.0',
273 silly addNameRange     '2.0.1',
273 silly addNameRange     '2.0.2',
273 silly addNameRange     '2.0.3',
273 silly addNameRange     '2.0.4',
273 silly addNameRange     '2.0.5',
273 silly addNameRange     '2.0.6',
273 silly addNameRange     '2.0.7',
273 silly addNameRange     '2.0.8',
273 silly addNameRange     '2.0.9',
273 silly addNameRange     '2.1.0',
273 silly addNameRange     '2.2.0',
273 silly addNameRange     '2.2.1',
273 silly addNameRange     '2.3.0',
273 silly addNameRange     '2.3.1',
273 silly addNameRange     '2.3.2',
273 silly addNameRange     '2.3.3',
273 silly addNameRange     '2.3.4',
273 silly addNameRange     '2.3.5',
273 silly addNameRange     '2.4.0' ] ]
274 silly addNamed nan@2.3.5
275 verbose addNamed "2.3.5" is a plain semver version for nan
276 silly cache afterAdd nan@2.3.5
277 verbose afterAdd C:\Users\geison.camara\AppData\Roaming\npm-cache\nan\2.3.5\package\package.json not in flight; writing
278 verbose correctMkdir C:\Users\geison.camara\AppData\Roaming\npm-cache correctMkdir not in flight; initializing
279 verbose afterAdd C:\Users\geison.camara\AppData\Roaming\npm-cache\nan\2.3.5\package\package.json written
280 silly install resolved [ { name: 'bindings',
280 silly install resolved     description: 'Helper module for loading your native module\'s .node file',
280 silly install resolved     keywords: [ 'native', 'addon', 'bindings', 'gyp', 'waf', 'c', 'c++' ],
280 silly install resolved     version: '1.2.1',
280 silly install resolved     author:
280 silly install resolved      { name: 'Nathan Rajlich',
280 silly install resolved        email: 'nathan@tootallnate.net',
280 silly install resolved        url: 'http://tootallnate.net' },
280 silly install resolved     repository:
280 silly install resolved      { type: 'git',
280 silly install resolved        url: 'git://github.com/TooTallNate/node-bindings.git' },
280 silly install resolved     main: './bindings.js',
280 silly install resolved     bugs: { url: 'https://github.com/TooTallNate/node-bindings/issues' },
280 silly install resolved     homepage: 'https://github.com/TooTallNate/node-bindings',
280 silly install resolved     license: 'MIT',
280 silly install resolved     gitHead: 'e404152ee27f8478ccbc7122ee051246e8e5ec02',
280 silly install resolved     _id: 'bindings@1.2.1',
280 silly install resolved     scripts: {},
280 silly install resolved     _shasum: '14ad6113812d2d37d72e67b4cacb4bb726505f11',
280 silly install resolved     _from: 'bindings@>=1.2.1 <1.3.0',
280 silly install resolved     _npmVersion: '1.4.14',
280 silly install resolved     _npmUser: { name: 'tootallnate', email: 'nathan@tootallnate.net' },
280 silly install resolved     maintainers: [ [Object], [Object] ],
280 silly install resolved     dist:
280 silly install resolved      { shasum: '14ad6113812d2d37d72e67b4cacb4bb726505f11',
280 silly install resolved        tarball: 'https://registry.npmjs.org/bindings/-/bindings-1.2.1.tgz' },
280 silly install resolved     directories: {},
280 silly install resolved     _resolved: 'https://registry.npmjs.org/bindings/-/bindings-1.2.1.tgz',
280 silly install resolved     readme: 'ERROR: No README data found!' },
280 silly install resolved   { name: 'nan',
280 silly install resolved     version: '2.3.5',
280 silly install resolved     description: 'Native Abstractions for Node.js: C++ header for Node 0.8 -> 6 compatibility',
280 silly install resolved     main: 'include_dirs.js',
280 silly install resolved     repository: { type: 'git', url: 'git://github.com/nodejs/nan.git' },
280 silly install resolved     scripts:
280 silly install resolved      { test: 'tap --gc --stderr test/js/*-test.js',
280 silly install resolved        'rebuild-tests': 'node-gyp rebuild --msvs_version=2013 --directory test',
280 silly install resolved        docs: 'doc/.build.sh' },
280 silly install resolved     contributors:
280 silly install resolved      [ [Object],
280 silly install resolved        [Object],
280 silly install resolved        [Object],
280 silly install resolved        [Object],
280 silly install resolved        [Object],
280 silly install resolved        [Object],
280 silly install resolved        [Object] ],
280 silly install resolved     devDependencies:
280 silly install resolved      { bindings: '~1.2.1',
280 silly install resolved        commander: '^2.8.1',
280 silly install resolved        glob: '^5.0.14',
280 silly install resolved        'node-gyp': '~3.0.1',
280 silly install resolved        tap: '~0.7.1',
280 silly install resolved        xtend: '~4.0.0' },
280 silly install resolved     license: 'MIT',
280 silly install resolved     bugs: { url: 'https://github.com/nodejs/nan/issues' },
280 silly install resolved     homepage: 'https://github.com/nodejs/nan#readme',
280 silly install resolved     _id: 'nan@2.3.5',
280 silly install resolved     _shasum: '822a0dc266290ce4cd3a12282ca3e7e364668a08',
280 silly install resolved     _resolved: 'https://registry.npmjs.org/nan/-/nan-2.3.5.tgz',
280 silly install resolved     _from: 'nan@>=2.3.2 <2.4.0',
280 silly install resolved     _npmVersion: '3.3.6',
280 silly install resolved     _nodeVersion: '5.0.0',
280 silly install resolved     _npmUser: { name: 'kkoopa', email: 'bbyholm@abo.fi' },
280 silly install resolved     dist:
280 silly install resolved      { shasum: '822a0dc266290ce4cd3a12282ca3e7e364668a08',
280 silly install resolved        tarball: 'https://registry.npmjs.org/nan/-/nan-2.3.5.tgz' },
280 silly install resolved     maintainers: [ [Object], [Object] ],
280 silly install resolved     _npmOperationalInternal:
280 silly install resolved      { host: 'packages-12-west.internal.npmjs.com',
280 silly install resolved        tmp: 'tmp/nan-2.3.5.tgz_1464707164994_0.4295874561648816' },
280 silly install resolved     directories: {},
280 silly install resolved     readme: 'ERROR: No README data found!' } ]
281 info install bindings@1.2.1 into D:\servidor-web-pi\node_modules\onoff\node_modules\epoll
282 info install nan@2.3.5 into D:\servidor-web-pi\node_modules\onoff\node_modules\epoll
283 info installOne bindings@1.2.1
284 verbose installOne of bindings to D:\servidor-web-pi\node_modules\onoff\node_modules\epoll not in flight; installing
285 verbose correctMkdir C:\Users\geison.camara\AppData\Roaming\npm-cache\_locks correctMkdir not in flight; initializing
286 info installOne nan@2.3.5
287 verbose installOne of nan to D:\servidor-web-pi\node_modules\onoff\node_modules\epoll not in flight; installing
288 verbose correctMkdir C:\Users\geison.camara\AppData\Roaming\npm-cache\_locks correctMkdir not in flight; initializing
289 verbose lock using C:\Users\geison.camara\AppData\Roaming\npm-cache\_locks\bindings-78624971e5d1e40c.lock for D:\servidor-web-pi\node_modules\onoff\node_modules\epoll\node_modules\bindings
290 verbose lock using C:\Users\geison.camara\AppData\Roaming\npm-cache\_locks\nan-dd10df10517f46fb.lock for D:\servidor-web-pi\node_modules\onoff\node_modules\epoll\node_modules\nan
291 silly install write writing bindings 1.2.1 to D:\servidor-web-pi\node_modules\onoff\node_modules\epoll\node_modules\bindings
292 silly install write writing nan 2.3.5 to D:\servidor-web-pi\node_modules\onoff\node_modules\epoll\node_modules\nan
293 verbose unbuild node_modules\onoff\node_modules\epoll\node_modules\bindings
294 verbose unbuild node_modules\onoff\node_modules\epoll\node_modules\nan
295 silly gentlyRm D:\servidor-web-pi\node_modules\onoff\node_modules\epoll\node_modules\bindings is being purged from base D:\servidor-web-pi
296 verbose gentlyRm don't care about contents; nuking D:\servidor-web-pi\node_modules\onoff\node_modules\epoll\node_modules\bindings
297 silly gentlyRm D:\servidor-web-pi\node_modules\onoff\node_modules\epoll\node_modules\nan is being purged from base D:\servidor-web-pi
298 verbose gentlyRm don't care about contents; nuking D:\servidor-web-pi\node_modules\onoff\node_modules\epoll\node_modules\nan
299 verbose tar unpack C:\Users\geison.camara\AppData\Roaming\npm-cache\bindings\1.2.1\package.tgz
300 verbose tar unpacking to D:\servidor-web-pi\node_modules\onoff\node_modules\epoll\node_modules\bindings
301 silly gentlyRm D:\servidor-web-pi\node_modules\onoff\node_modules\epoll\node_modules\bindings is being purged
302 verbose gentlyRm don't care about contents; nuking D:\servidor-web-pi\node_modules\onoff\node_modules\epoll\node_modules\bindings
303 verbose tar unpack C:\Users\geison.camara\AppData\Roaming\npm-cache\nan\2.3.5\package.tgz
304 verbose tar unpacking to D:\servidor-web-pi\node_modules\onoff\node_modules\epoll\node_modules\nan
305 silly gentlyRm D:\servidor-web-pi\node_modules\onoff\node_modules\epoll\node_modules\nan is being purged
306 verbose gentlyRm don't care about contents; nuking D:\servidor-web-pi\node_modules\onoff\node_modules\epoll\node_modules\nan
307 silly gunzTarPerm modes [ '777', '666' ]
308 silly gunzTarPerm modes [ '777', '666' ]
309 silly gunzTarPerm extractEntry package.json
310 silly gunzTarPerm modified mode [ 'package.json', 420, 438 ]
311 silly gunzTarPerm extractEntry README.md
312 silly gunzTarPerm modified mode [ 'README.md', 420, 438 ]
313 silly gunzTarPerm extractEntry bindings.js
314 silly gunzTarPerm modified mode [ 'bindings.js', 420, 438 ]
315 silly gunzTarPerm extractEntry package.json
316 silly gunzTarPerm modified mode [ 'package.json', 436, 438 ]
317 silly gunzTarPerm extractEntry README.md
318 silly gunzTarPerm modified mode [ 'README.md', 436, 438 ]
319 silly gunzTarPerm extractEntry include_dirs.js
320 silly gunzTarPerm modified mode [ 'include_dirs.js', 436, 438 ]
321 silly gunzTarPerm extractEntry nan_converters.h
322 silly gunzTarPerm modified mode [ 'nan_converters.h', 436, 438 ]
323 silly gunzTarPerm extractEntry LICENSE.md
324 silly gunzTarPerm modified mode [ 'LICENSE.md', 436, 438 ]
325 silly gunzTarPerm extractEntry doc/node_misc.md
326 silly gunzTarPerm modified mode [ 'doc/node_misc.md', 436, 438 ]
327 silly gunzTarPerm extractEntry doc/asyncworker.md
328 silly gunzTarPerm modified mode [ 'doc/asyncworker.md', 436, 438 ]
329 silly gunzTarPerm extractEntry doc/callback.md
330 silly gunzTarPerm modified mode [ 'doc/callback.md', 436, 438 ]
331 silly gunzTarPerm extractEntry doc/converters.md
332 silly gunzTarPerm modified mode [ 'doc/converters.md', 436, 438 ]
333 silly gunzTarPerm extractEntry doc/errors.md
334 silly gunzTarPerm modified mode [ 'doc/errors.md', 436, 438 ]
335 silly gunzTarPerm extractEntry doc/maybe_types.md
336 silly gunzTarPerm modified mode [ 'doc/maybe_types.md', 436, 438 ]
337 verbose write writing to D:\servidor-web-pi\node_modules\onoff\node_modules\epoll\node_modules\bindings\package.json
338 silly gunzTarPerm extractEntry doc/methods.md
339 silly gunzTarPerm modified mode [ 'doc/methods.md', 436, 438 ]
340 silly gunzTarPerm extractEntry doc/new.md
341 silly gunzTarPerm modified mode [ 'doc/new.md', 436, 438 ]
342 info preinstall bindings@1.2.1
343 verbose readDependencies loading dependencies from D:\servidor-web-pi\node_modules\onoff\node_modules\epoll\node_modules\bindings\package.json
344 silly gunzTarPerm extractEntry doc/buffers.md
345 silly gunzTarPerm modified mode [ 'doc/buffers.md', 436, 438 ]
346 silly gunzTarPerm extractEntry doc/object_wrappers.md
347 silly gunzTarPerm modified mode [ 'doc/object_wrappers.md', 436, 438 ]
348 verbose readDependencies loading dependencies from D:\servidor-web-pi\node_modules\onoff\node_modules\epoll\node_modules\bindings\package.json
349 silly install resolved []
350 verbose about to build D:\servidor-web-pi\node_modules\onoff\node_modules\epoll\node_modules\bindings
351 info build D:\servidor-web-pi\node_modules\onoff\node_modules\epoll\node_modules\bindings
352 info linkStuff bindings@1.2.1
353 silly linkStuff bindings@1.2.1 has D:\servidor-web-pi\node_modules\onoff\node_modules\epoll\node_modules as its parent node_modules
354 verbose linkBins bindings@1.2.1
355 verbose linkMans bindings@1.2.1
356 verbose rebuildBundles bindings@1.2.1
357 info install bindings@1.2.1
358 info postinstall bindings@1.2.1
359 silly gunzTarPerm extractEntry doc/persistent.md
360 silly gunzTarPerm modified mode [ 'doc/persistent.md', 436, 438 ]
361 silly gunzTarPerm extractEntry doc/scopes.md
362 silly gunzTarPerm modified mode [ 'doc/scopes.md', 436, 438 ]
363 verbose unlock done using C:\Users\geison.camara\AppData\Roaming\npm-cache\_locks\bindings-78624971e5d1e40c.lock for D:\servidor-web-pi\node_modules\onoff\node_modules\epoll\node_modules\bindings
364 silly gunzTarPerm extractEntry doc/script.md
365 silly gunzTarPerm modified mode [ 'doc/script.md', 436, 438 ]
366 silly gunzTarPerm extractEntry doc/string_bytes.md
367 silly gunzTarPerm modified mode [ 'doc/string_bytes.md', 436, 438 ]
368 silly gunzTarPerm extractEntry doc/v8_internals.md
369 silly gunzTarPerm modified mode [ 'doc/v8_internals.md', 436, 438 ]
370 silly gunzTarPerm extractEntry doc/v8_misc.md
371 silly gunzTarPerm modified mode [ 'doc/v8_misc.md', 436, 438 ]
372 silly gunzTarPerm extractEntry nan.h
373 silly gunzTarPerm modified mode [ 'nan.h', 436, 438 ]
374 silly gunzTarPerm extractEntry nan_callbacks.h
375 silly gunzTarPerm modified mode [ 'nan_callbacks.h', 436, 438 ]
376 silly gunzTarPerm extractEntry nan_callbacks_12_inl.h
377 silly gunzTarPerm modified mode [ 'nan_callbacks_12_inl.h', 436, 438 ]
378 silly gunzTarPerm extractEntry nan_callbacks_pre_12_inl.h
379 silly gunzTarPerm modified mode [ 'nan_callbacks_pre_12_inl.h', 436, 438 ]
380 silly gunzTarPerm extractEntry nan_converters_43_inl.h
381 silly gunzTarPerm modified mode [ 'nan_converters_43_inl.h', 436, 438 ]
382 silly gunzTarPerm extractEntry nan_converters_pre_43_inl.h
383 silly gunzTarPerm modified mode [ 'nan_converters_pre_43_inl.h', 436, 438 ]
384 silly gunzTarPerm extractEntry nan_implementation_12_inl.h
385 silly gunzTarPerm modified mode [ 'nan_implementation_12_inl.h', 436, 438 ]
386 silly gunzTarPerm extractEntry nan_implementation_pre_12_inl.h
387 silly gunzTarPerm modified mode [ 'nan_implementation_pre_12_inl.h', 436, 438 ]
388 silly gunzTarPerm extractEntry nan_maybe_43_inl.h
389 silly gunzTarPerm modified mode [ 'nan_maybe_43_inl.h', 436, 438 ]
390 silly gunzTarPerm extractEntry nan_maybe_pre_43_inl.h
391 silly gunzTarPerm modified mode [ 'nan_maybe_pre_43_inl.h', 436, 438 ]
392 silly gunzTarPerm extractEntry nan_new.h
393 silly gunzTarPerm modified mode [ 'nan_new.h', 436, 438 ]
394 silly gunzTarPerm extractEntry nan_object_wrap.h
395 silly gunzTarPerm modified mode [ 'nan_object_wrap.h', 436, 438 ]
396 silly gunzTarPerm extractEntry nan_persistent_12_inl.h
397 silly gunzTarPerm modified mode [ 'nan_persistent_12_inl.h', 436, 438 ]
398 silly gunzTarPerm extractEntry nan_persistent_pre_12_inl.h
399 silly gunzTarPerm modified mode [ 'nan_persistent_pre_12_inl.h', 436, 438 ]
400 silly gunzTarPerm extractEntry nan_string_bytes.h
401 silly gunzTarPerm modified mode [ 'nan_string_bytes.h', 436, 438 ]
402 silly gunzTarPerm extractEntry nan_typedarray_contents.h
403 silly gunzTarPerm modified mode [ 'nan_typedarray_contents.h', 436, 438 ]
404 silly gunzTarPerm extractEntry nan_weak.h
405 silly gunzTarPerm modified mode [ 'nan_weak.h', 436, 438 ]
406 silly gunzTarPerm extractEntry CHANGELOG.md
407 silly gunzTarPerm modified mode [ 'CHANGELOG.md', 436, 438 ]
408 silly gunzTarPerm extractEntry tools/package.json
409 silly gunzTarPerm modified mode [ 'tools/package.json', 436, 438 ]
410 silly gunzTarPerm extractEntry tools/README.md
411 silly gunzTarPerm modified mode [ 'tools/README.md', 436, 438 ]
412 silly gunzTarPerm extractEntry tools/1to2.js
413 silly gunzTarPerm modified mode [ 'tools/1to2.js', 509, 511 ]
414 verbose write writing to D:\servidor-web-pi\node_modules\onoff\node_modules\epoll\node_modules\nan\package.json
415 info preinstall nan@2.3.5
416 verbose readDependencies loading dependencies from D:\servidor-web-pi\node_modules\onoff\node_modules\epoll\node_modules\nan\package.json
417 verbose readDependencies loading dependencies from D:\servidor-web-pi\node_modules\onoff\node_modules\epoll\node_modules\nan\package.json
418 silly install resolved []
419 verbose about to build D:\servidor-web-pi\node_modules\onoff\node_modules\epoll\node_modules\nan
420 info build D:\servidor-web-pi\node_modules\onoff\node_modules\epoll\node_modules\nan
421 info linkStuff nan@2.3.5
422 silly linkStuff nan@2.3.5 has D:\servidor-web-pi\node_modules\onoff\node_modules\epoll\node_modules as its parent node_modules
423 verbose linkBins nan@2.3.5
424 verbose linkMans nan@2.3.5
425 verbose rebuildBundles nan@2.3.5
426 info install nan@2.3.5
427 info postinstall nan@2.3.5
428 verbose unlock done using C:\Users\geison.camara\AppData\Roaming\npm-cache\_locks\nan-dd10df10517f46fb.lock for D:\servidor-web-pi\node_modules\onoff\node_modules\epoll\node_modules\nan
429 verbose about to build D:\servidor-web-pi\node_modules\onoff\node_modules\epoll
430 info build D:\servidor-web-pi\node_modules\onoff\node_modules\epoll
431 info linkStuff epoll@0.1.19
432 silly linkStuff epoll@0.1.19 has D:\servidor-web-pi\node_modules\onoff\node_modules as its parent node_modules
433 verbose linkBins epoll@0.1.19
434 verbose linkMans epoll@0.1.19
435 verbose rebuildBundles epoll@0.1.19
436 verbose rebuildBundles [ 'bindings', 'nan' ]
437 info install epoll@0.1.19
438 verbose unsafe-perm in lifecycle true
439 info epoll@0.1.19 Failed to exec install script
440 verbose unlock done using C:\Users\geison.camara\AppData\Roaming\npm-cache\_locks\epoll-a16f127bafd039a9.lock for D:\servidor-web-pi\node_modules\onoff\node_modules\epoll
441 verbose about to build D:\servidor-web-pi\node_modules\onoff
442 verbose unlock done using C:\Users\geison.camara\AppData\Roaming\npm-cache\_locks\onoff-5ff605ce25601438.lock for D:\servidor-web-pi\node_modules\onoff
443 verbose stack Error: epoll@0.1.19 install: `node-gyp rebuild`
443 verbose stack Exit status 1
443 verbose stack     at EventEmitter.<anonymous> (C:\Program Files\nodejs\node_modules\npm\lib\utils\lifecycle.js:214:16)
443 verbose stack     at emitTwo (events.js:87:13)
443 verbose stack     at EventEmitter.emit (events.js:172:7)
443 verbose stack     at ChildProcess.<anonymous> (C:\Program Files\nodejs\node_modules\npm\lib\utils\spawn.js:24:14)
443 verbose stack     at emitTwo (events.js:87:13)
443 verbose stack     at ChildProcess.emit (events.js:172:7)
443 verbose stack     at maybeClose (internal/child_process.js:827:16)
443 verbose stack     at Process.ChildProcess._handle.onexit (internal/child_process.js:211:5)
444 verbose pkgid epoll@0.1.19
445 verbose cwd D:\servidor-web-pi
446 error Windows_NT 10.0.10586
447 error argv "C:\\Program Files\\nodejs\\node.exe" "C:\\Program Files\\nodejs\\node_modules\\npm\\bin\\npm-cli.js" "i" "--save" "onoff"
448 error node v4.4.1
449 error npm  v2.14.20
450 error code ELIFECYCLE
451 error epoll@0.1.19 install: `node-gyp rebuild`
451 error Exit status 1
452 error Failed at the epoll@0.1.19 install script 'node-gyp rebuild'.
452 error This is most likely a problem with the epoll package,
452 error not with npm itself.
452 error Tell the author that this fails on your system:
452 error     node-gyp rebuild
452 error You can get information on how to open an issue for this project with:
452 error     npm bugs epoll
452 error Or if that isn't available, you can get their info via:
452 error
452 error     npm owner ls epoll
452 error There is likely additional logging output above.
453 verbose exit [ 1, true ]
454 verbose unbuild node_modules\onoff\node_modules\epoll
455 info preuninstall epoll@0.1.19
456 info uninstall epoll@0.1.19
457 verbose unbuild rmStuff epoll@0.1.19 from D:\servidor-web-pi\node_modules
458 verbose unbuild rmStuff in D:\servidor-web-pi\node_modules\onoff\node_modules
459 info postuninstall epoll@0.1.19
460 silly gentlyRm D:\servidor-web-pi\node_modules\onoff\node_modules\epoll is being purged from base D:\servidor-web-pi
461 verbose gentlyRm don't care about contents; nuking D:\servidor-web-pi\node_modules\onoff\node_modules\epoll
462 silly vacuum-fs purging D:\servidor-web-pi\node_modules\onoff\node_modules\epoll
463 silly vacuum-fs removing D:\servidor-web-pi\node_modules\onoff\node_modules
464 silly vacuum-fs quitting because other entries in D:\servidor-web-pi\node_modules\onoff
465 verbose unbuild node_modules\onoff
466 info preuninstall onoff@1.1.1
467 info uninstall onoff@1.1.1
468 verbose unbuild rmStuff onoff@1.1.1 from D:\servidor-web-pi\node_modules
469 info postuninstall onoff@1.1.1
470 silly gentlyRm D:\servidor-web-pi\node_modules\onoff is being purged from base D:\servidor-web-pi
471 verbose gentlyRm don't care about contents; nuking D:\servidor-web-pi\node_modules\onoff
472 silly vacuum-fs purging D:\servidor-web-pi\node_modules\onoff
473 silly vacuum-fs removing D:\servidor-web-pi\node_modules
474 silly vacuum-fs finished vacuuming up to D:\servidor-web-pi
